c:\users\nina\documents\htwg konstanz\6sem\computergrafik\computergrafikuebung01\uebung1\uebung1\debug\uebung1.pch
c:\users\nina\documents\htwg konstanz\6sem\computergrafik\computergrafikuebung01\uebung1\uebung1\debug\vc140.pdb
c:\users\nina\documents\htwg konstanz\6sem\computergrafik\computergrafikuebung01\uebung1\uebung1\debug\stdafx.obj
c:\users\nina\documents\htwg konstanz\6sem\computergrafik\computergrafikuebung01\uebung1\uebung1\debug\uebung1.obj
c:\users\nina\documents\htwg konstanz\6sem\computergrafik\computergrafikuebung01\uebung1\uebung1\debug\assemblyinfo.obj
c:\users\nina\documents\htwg konstanz\6sem\computergrafik\computergrafikuebung01\uebung1\uebung1\debug\.netframework,version=v4.0.assemblyattributes.obj
c:\users\nina\documents\htwg konstanz\6sem\computergrafik\computergrafikuebung01\uebung1\uebung1\debug\.netframework,version=v4.0.assemblyattributes.asm
c:\users\nina\documents\htwg konstanz\6sem\computergrafik\computergrafikuebung01\uebung1\debug\uebung1.exe
c:\users\nina\documents\htwg konstanz\6sem\computergrafik\computergrafikuebung01\uebung1\debug\uebung1.pdb
c:\users\nina\documents\htwg konstanz\6sem\computergrafik\computergrafikuebung01\uebung1\uebung1\debug\app.res
c:\users\nina\documents\htwg konstanz\6sem\computergrafik\computergrafikuebung01\uebung1\uebung1\debug\uebung1.vcxprojresolveassemblyreference.cache
c:\users\nina\documents\htwg konstanz\6sem\computergrafik\computergrafikuebung01\uebung1\uebung1\debug\nativecodeanalysis.read.1.tlog
c:\users\nina\documents\htwg konstanz\6sem\computergrafik\computergrafikuebung01\uebung1\uebung1\debug\.netframework,version=v4.0.assemblyattributes.nativecodeanalysis.xml
c:\users\nina\documents\htwg konstanz\6sem\computergrafik\computergrafikuebung01\uebung1\uebung1\debug\assemblyinfo.nativecodeanalysis.xml
c:\users\nina\documents\htwg konstanz\6sem\computergrafik\computergrafikuebung01\uebung1\uebung1\debug\stdafx.nativecodeanalysis.xml
c:\users\nina\documents\htwg konstanz\6sem\computergrafik\computergrafikuebung01\uebung1\uebung1\debug\uebung1.nativecodeanalysis.xml
c:\users\nina\documents\htwg konstanz\6sem\computergrafik\computergrafikuebung01\uebung1\uebung1\debug\vc.nativecodeanalysis.all.xml
c:\users\nina\documents\htwg konstanz\6sem\computergrafik\computergrafikuebung01\uebung1\debug\uebung1.exe.codeanalysislog.xml
c:\users\nina\documents\htwg konstanz\6sem\computergrafik\computergrafikuebung01\uebung1\debug\uebung1.exe.lastcodeanalysissucceeded
c:\users\nina\documents\htwg konstanz\6sem\computergrafik\computergrafikuebung01\uebung1\uebung1\debug\uebung1.tlog\cl.command.1.tlog
c:\users\nina\documents\htwg konstanz\6sem\computergrafik\computergrafikuebung01\uebung1\uebung1\debug\uebung1.tlog\cl.read.1.tlog
c:\users\nina\documents\htwg konstanz\6sem\computergrafik\computergrafikuebung01\uebung1\uebung1\debug\uebung1.tlog\cl.write.1.tlog
c:\users\nina\documents\htwg konstanz\6sem\computergrafik\computergrafikuebung01\uebung1\uebung1\debug\uebung1.tlog\link.command.1.tlog
c:\users\nina\documents\htwg konstanz\6sem\computergrafik\computergrafikuebung01\uebung1\uebung1\debug\uebung1.tlog\link.read.1.tlog
c:\users\nina\documents\htwg konstanz\6sem\computergrafik\computergrafikuebung01\uebung1\uebung1\debug\uebung1.tlog\link.write.1.tlog
c:\users\nina\documents\htwg konstanz\6sem\computergrafik\computergrafikuebung01\uebung1\uebung1\debug\uebung1.tlog\metagen.read.1.tlog
c:\users\nina\documents\htwg konstanz\6sem\computergrafik\computergrafikuebung01\uebung1\uebung1\debug\uebung1.tlog\metagen.write.1.tlog
c:\users\nina\documents\htwg konstanz\6sem\computergrafik\computergrafikuebung01\uebung1\uebung1\debug\uebung1.tlog\rc.command.1.tlog
c:\users\nina\documents\htwg konstanz\6sem\computergrafik\computergrafikuebung01\uebung1\uebung1\debug\uebung1.tlog\rc.read.1.tlog
c:\users\nina\documents\htwg konstanz\6sem\computergrafik\computergrafikuebung01\uebung1\uebung1\debug\uebung1.tlog\rc.write.1.tlog
c:\users\nina\documents\htwg konstanz\6sem\computergrafik\computergrafikuebung01\uebung1\uebung1\debug\uebung1.tlog\msxml6r.dll.bi
c:\users\nina\documents\htwg konstanz\6sem\computergrafik\computergrafikuebung01\uebung1\uebung1\debug\uebung1.tlog\rsaenh.dll.bi
c:\users\nina\documents\htwg konstanz\6sem\computergrafik\computergrafikuebung01\uebung1\uebung1\debug\uebung1.tlog\tzres.dll.bi
